<?xml version="1.0" encoding="UTF-8"?>
<!-- Generated by org.testng.reporters.JUnitReportReporter -->
<testsuite hostname="Natarajan" name="pkge1.Driver" tests="2" failures="0" timestamp="19 Jul 2016 10:37:40 GMT" time="128.465" errors="0">
  <testcase name="Register_New_User_Account" time="93.847" classname="pkge1.Driver"/>
  <testcase name="Confirm_Interactive_Progress_Map_Display_for_New_User" time="34.618" classname="pkge1.Driver"/>
</testsuite> <!-- pkge1.Driver -->
